<?xml version="1.0" encoding="UTF-8"?>
<!-- Generated by org.testng.reporters.JUnitReportReporter -->
<testsuite skipped="0" hostname="TRUUGQA03" name="USSD.E_Fund_Transfer_To_Other_Banks" tests="19" failures="0" timestamp="2021-03-01T10:12:45 EAT" time="56.780" errors="0">
  <testcase name="Starting_transfer_to_mpesa_Test_cases" time="0.528" classname="USSD.E_Fund_Transfer_To_Other_Banks"/>
  <system-out/>
  <testcase name="Verify_that_customer_can_access_send_money_to_other_Banks_menu_on_USSD" time="18.735" classname="USSD.E_Fund_Transfer_To_Other_Banks"/>
  <system-out/>
  <testcase name="Pesalink_testcases" time="0.006" classname="USSD.E_Fund_Transfer_To_Other_Banks"/>
  <system-out/>
  <testcase name="Verify_that_customer_can_access_pesalink_menu_on_USSD" time="6.685" classname="USSD.E_Fund_Transfer_To_Other_Banks"/>
  <system-out/>
  <testcase name="Verify_that_customer_can_select_send_to_account_number_on_USSD" time="3.867" classname="USSD.E_Fund_Transfer_To_Other_Banks"/>
  <system-out/>
  <testcase name="Verify_that_customer_can_choose_send_to_account_number_USSD" time="1.835" classname="USSD.E_Fund_Transfer_To_Other_Banks"/>
  <system-out/>
  <testcase name="Verify_that_customer_can_choose_the_customer_to_send_to_Mobile_numberUSSD" time="2.254" classname="USSD.E_Fund_Transfer_To_Other_Banks"/>
  <system-out/>
  <testcase name="Verify_that_customer_can_choose_the_Register_for_pesalink_USSD" time="1.792" classname="USSD.E_Fund_Transfer_To_Other_Banks"/>
  <system-out/>
  <testcase name="Verify_that_customer_can_choose_the_deRegister_for_pesalink_USSD" time="1.633" classname="USSD.E_Fund_Transfer_To_Other_Banks"/>
  <system-out/>
  <testcase name="Verify_that_customer_can_choose_Bank_name_from_the_list" time="1.958" classname="USSD.E_Fund_Transfer_To_Other_Banks"/>
  <system-out/>
  <testcase name="Verify_that_customer_can_recipient_account_number" time="2.752" classname="USSD.E_Fund_Transfer_To_Other_Banks"/>
  <system-out/>
  <testcase name="Verify_that_customer_can_select_account_to_send_from" time="3.295" classname="USSD.E_Fund_Transfer_To_Other_Banks"/>
  <system-out/>
  <testcase name="Verify_that_customer_can_Enter_amount_to_send" time="2.812" classname="USSD.E_Fund_Transfer_To_Other_Banks"/>
  <system-out/>
  <testcase name="Verify_that_customer_can_Confirm_bank_charges_and_send_using_pesalink" time="6.681" classname="USSD.E_Fund_Transfer_To_Other_Banks"/>
  <system-out/>
  <testcase name="End_pesalink_Test_cases" time="0.006" classname="USSD.E_Fund_Transfer_To_Other_Banks"/>
  <system-out/>
  <testcase name="RTGS_Test_cases" time="0.004" classname="USSD.E_Fund_Transfer_To_Other_Banks"/>
  <system-out/>
  <testcase name="Verify_that_customer_can_access_RTGS_menu_on_USSD" time="1.928" classname="USSD.E_Fund_Transfer_To_Other_Banks"/>
  <system-out/>
  <testcase name="END_RTGS_Test_cases" time="0.004" classname="USSD.E_Fund_Transfer_To_Other_Banks"/>
  <system-out/>
  <testcase name="End_of_transfer_to_mpesa_Test_cases" time="0.005" classname="USSD.E_Fund_Transfer_To_Other_Banks"/>
  <system-out/>
</testsuite> <!-- USSD.E_Fund_Transfer_To_Other_Banks -->
