<?xml version="1.0" encoding="UTF-8"?>
<!-- Generated by org.testng.reporters.JUnitReportReporter -->
<testsuite skipped="0" hostname="TRUUGQA03" name="USSD.B_Account_Management" tests="8" failures="0" timestamp="2021-03-11T09:10:21 EAT" time="22.549" errors="0">
  <testcase name="Start_account_management_testcases" time="0.076" classname="USSD.B_Account_Management"/>
  <system-out/>
  <testcase name="Verify_that_customer_can_view_selected_account_balance_on_USSD" time="12.191" classname="USSD.B_Account_Management"/>
  <system-out/>
  <testcase name="Verify_that_the_customer_can_successfully_generate_and_display_Mini_Statement_on_USSD" time="6.370" classname="USSD.B_Account_Management"/>
  <system-out/>
  <testcase name="Verify_success_message_on_successful_subscription" time="0.975" classname="USSD.B_Account_Management"/>
  <system-out/>
  <testcase name="Verify_a_user_can_select_e_statement_menu_on_USSD" time="0.769" classname="USSD.B_Account_Management"/>
  <system-out/>
  <testcase name="Verify_that_a_customer_can_successfully_subscribe_for_e_statement_Monthly_for_any_of_his_her_linked_accounts" time="1.052" classname="USSD.B_Account_Management"/>
  <system-out/>
  <testcase name="Verify_that_a_customer_can_successfully_unsubscribe_for_e_statement_Monthly_for_any_of_his_her_linked_accounts" time="1.110" classname="USSD.B_Account_Management"/>
  <system-out/>
  <testcase name="End_account_management_testcases" time="0.006" classname="USSD.B_Account_Management"/>
  <system-out/>
</testsuite> <!-- USSD.B_Account_Management -->
