<?xml version="1.0" encoding="UTF-8"?>
<!-- Generated by org.testng.reporters.JUnitReportReporter -->
<testsuite skipped="0" hostname="TRUUGQA03" name="USSD.F_Bill_Payment" tests="55" failures="0" timestamp="2021-03-03T11:59:57 EAT" time="117.437" errors="0">
  <testcase name="Starting_DSTV_Test_cases" time="0.088" classname="USSD.F_Bill_Payment"/>
  <system-out/>
  <testcase name="Check_if_customer_can_acess_payment_menu_on_ussd" time="10.355" classname="USSD.F_Bill_Payment"/>
  <system-out/>
  <testcase name="Check_if_customer_can_acess_PAYTV_menu_on_ussd" time="5.895" classname="USSD.F_Bill_Payment"/>
  <system-out/>
  <testcase name="Check_if_customer_can_acess_DSTV_menu_on_ussd" time="0.989" classname="USSD.F_Bill_Payment"/>
  <system-out/>
  <testcase name="Check_if_customer_can_Query_for_DSTV_bills_on_ussd" time="0.964" classname="USSD.F_Bill_Payment"/>
  <system-out/>
  <testcase name="Check_if_Customer_can_use_main_item_on_the_list_paytv_item_menu" time="1.053" classname="USSD.F_Bill_Payment"/>
  <system-out/>
  <testcase name="Verify_whether_a_customer_can_enter_DSTV_number_and_validate" time="1.145" classname="USSD.F_Bill_Payment"/>
  <system-out/>
  <testcase name="Check_if_Customer_can_enter_amount_to_pay_for_DSTV_on_ussd" time="1.137" classname="USSD.F_Bill_Payment"/>
  <system-out/>
  <testcase name="Check_if_Customer_can_confirm_bank_charges_for_DSTV_on_ussd" time="1.495" classname="USSD.F_Bill_Payment"/>
  <system-out/>
  <testcase name="Verify_that_only_the_maximum_allowable_amount_of_kes_70000_can_be_posted_per_transaction" time="1.320" classname="USSD.F_Bill_Payment"/>
  <system-out/>
  <testcase name="END_DSTV_Test_cases" time="0.005" classname="USSD.F_Bill_Payment"/>
  <system-out/>
  <testcase name="Check_if_Customer_can_confirm_and_pay_for_DSTV_on_ussd" time="5.522" classname="USSD.F_Bill_Payment"/>
  <system-out/>
  <testcase name="GOTV_Test_cases" time="0.010" classname="USSD.F_Bill_Payment"/>
  <system-out/>
  <testcase name="Verify_that_a_customer_can_select_GOTV_menu_on_USSD" time="0.891" classname="USSD.F_Bill_Payment"/>
  <system-out/>
  <testcase name="Verify_that_a_customer_can_querry_bills_for_GOTV_on_USSD" time="0.963" classname="USSD.F_Bill_Payment"/>
  <system-out/>
  <testcase name="Verify_that_a_customer_can_enter_and_search_for_GOTV_number" time="0.991" classname="USSD.F_Bill_Payment"/>
  <system-out/>
  <testcase name="verify_whether_a_customer_can_SELECT_account_number_for_payment_on_USSD" time="1.110" classname="USSD.F_Bill_Payment"/>
  <system-out/>
  <testcase name="verify_whether_a_customer_can_enter_amount_when_paying_for_gotv_onUSSD" time="1.143" classname="USSD.F_Bill_Payment"/>
  <system-out/>
  <testcase name="Verify_a_customer_can_enter_amount_and_confirm_bank_charges_WHEN_paying_for_GOTV_on_USSD" time="1.273" classname="USSD.F_Bill_Payment"/>
  <system-out/>
  <testcase name="Verify_a_customer_can_confirm_and_pay_for_GOTV_on_USSD" time="4.745" classname="USSD.F_Bill_Payment"/>
  <system-out/>
  <testcase name="End_GOTV_Test_cases" time="0.000" classname="USSD.F_Bill_Payment"/>
  <system-out/>
  <testcase name="Startimes_Test_cases" time="0.000" classname="USSD.F_Bill_Payment"/>
  <system-out/>
  <testcase name="Verify_a_customer_can_select_startime_menu_on_the_list_on_ussd" time="30.968" classname="USSD.F_Bill_Payment"/>
  <system-out/>
  <testcase name="Verify_a_customer_can_query_for_startimes_number" time="0.951" classname="USSD.F_Bill_Payment"/>
  <system-out/>
  <testcase name="Verify_a_customer_can_select_account_number_to_use_for_paying_startimes_on_ussd" time="1.047" classname="USSD.F_Bill_Payment"/>
  <system-out/>
  <testcase name="Verify_a_customer_can_enter_the_account_number_for_startimes" time="1.124" classname="USSD.F_Bill_Payment"/>
  <system-out/>
  <testcase name="Verify_a_customer_can_access_paybill_menu_for_starimes" time="9.123" classname="USSD.F_Bill_Payment"/>
  <system-out/>
  <testcase name="Verify_a_customer__can_enter_amount_he_she_wishes_to_pay_for_GoTV" time="1.157" classname="USSD.F_Bill_Payment"/>
  <system-out/>
  <testcase name="Verify_error_message_is_displayed_when_a_customer_pay_less_than_50_shillings_for_GOTV" time="1.346" classname="USSD.F_Bill_Payment"/>
  <system-out/>
  <testcase name="Verify_a_customer_can_sucessfully_pay_for_Gotv" time="1.944" classname="USSD.F_Bill_Payment"/>
  <system-out/>
  <testcase name="Verify_a_customer_can_confirm_the__bank_charges_when_paying_for_GOTV" time="5.341" classname="USSD.F_Bill_Payment"/>
  <system-out/>
  <testcase name="End_Startimes_Test_cases" time="0.003" classname="USSD.F_Bill_Payment"/>
  <system-out/>
  <testcase name="Electricity_prepaid_Test_cases" time="0.004" classname="USSD.F_Bill_Payment"/>
  <system-out/>
  <testcase name="Verify_a_user_can_access_Electicity_menu" time="0.856" classname="USSD.F_Bill_Payment"/>
  <system-out/>
  <testcase name="Verify_a_user_can_access_electricity_prepaid_menu" time="3.905" classname="USSD.F_Bill_Payment"/>
  <system-out/>
  <testcase name="Verify_a_user_can_enter_prepaid_account_number_to_pay_for_electricity" time="1.008" classname="USSD.F_Bill_Payment"/>
  <system-out/>
  <testcase name="Verify_a_user_can_select_account_number_to_make_payment" time="1.155" classname="USSD.F_Bill_Payment"/>
  <system-out/>
  <testcase name="End_Electricity_prepaid_Test_cases" time="0.004" classname="USSD.F_Bill_Payment"/>
  <system-out/>
  <testcase name="Electricity_postpaid_Test_cases" time="0.003" classname="USSD.F_Bill_Payment"/>
  <system-out/>
  <testcase name="Verify_a_user_can_access_Electicity_menu_for_postpaid" time="0.815" classname="USSD.F_Bill_Payment"/>
  <system-out/>
  <testcase name="Verify_a_user_can_access_electricity_postpaid_menu" time="3.955" classname="USSD.F_Bill_Payment"/>
  <system-out/>
  <testcase name="Verify_a_user_can_enter_postpaid_account_number_to_pay_for_electricity" time="0.966" classname="USSD.F_Bill_Payment"/>
  <system-out/>
  <testcase name="Verify_a_user_can_select_account_number_to_make_payment_for_postpaid" time="1.050" classname="USSD.F_Bill_Payment"/>
  <system-out/>
  <testcase name="End_Electricity_postpaid_Test_cases" time="0.003" classname="USSD.F_Bill_Payment"/>
  <system-out/>
  <testcase name="Nairobi_Water_Test_cases" time="0.004" classname="USSD.F_Bill_Payment"/>
  <system-out/>
  <testcase name="Verify_a_user_can_access_water_menu" time="0.755" classname="USSD.F_Bill_Payment"/>
  <system-out/>
  <testcase name="Verify_a_user_can_access_Nairobi_water_menu" time="0.827" classname="USSD.F_Bill_Payment"/>
  <system-out/>
  <testcase name="Verify_user_can_query_Nairobi_Water_Bill_using_valid_data" time="0.923" classname="USSD.F_Bill_Payment"/>
  <system-out/>
  <testcase name="Verify_a_user_can_enter_meter_number_to_pay_for_nairobi_water_bills" time="0.957" classname="USSD.F_Bill_Payment"/>
  <system-out/>
  <testcase name="Verify_a_user_can_select_account_number_to_make_payment_for_nairobi_water" time="1.138" classname="USSD.F_Bill_Payment"/>
  <system-out/>
  <testcase name="Verify_a_user_can_enter_the_amount_to_make_payment_for_Nairobi_water" time="1.122" classname="USSD.F_Bill_Payment"/>
  <system-out/>
  <testcase name="Verify_a_user_can_enter_the_amount_and_confirm_bank_charges_before_making_payment" time="1.174" classname="USSD.F_Bill_Payment"/>
  <system-out/>
  <testcase name="verify_that_only_a_minimum__allowable_amount_of_kes_50_00_can_be_posted_per_transaction_In_the_event_a_customer_inputs_an_amount_less_than_the_minimum_allowable_amount_an_error_pops_up" time="1.160" classname="USSD.F_Bill_Payment"/>
  <system-out/>
  <testcase name="Verify_user_can_pay_Water_Nairobi_water_Bill_using_valid_data" time="1.551" classname="USSD.F_Bill_Payment"/>
  <system-out/>
  <testcase name="End_Nairobi_Water_Test_cases" time="0.004" classname="USSD.F_Bill_Payment"/>
  <system-out/>
</testsuite> <!-- USSD.F_Bill_Payment -->
