<?xml version="1.0" encoding="UTF-8"?>
<!-- Generated by org.testng.reporters.JUnitReportReporter -->
<testsuite skipped="0" hostname="TRUUGQA03" name="USSD.H_Buy_Airtime" tests="13" failures="0" timestamp="2021-03-01T11:44:19 EAT" time="31.269" errors="0">
  <testcase name="Starting_Buy_Airtime_Test_cases" time="0.140" classname="USSD.H_Buy_Airtime"/>
  <system-out/>
  <testcase name="Verify_that_customer_can_access_buy_airtime_menu_on_USSD" time="5.879" classname="USSD.H_Buy_Airtime"/>
  <system-out/>
  <testcase name="Verify_that_customer_can_access_buy_airtime_for_safaricom_prepaid_menu_on_USSD" time="2.993" classname="USSD.H_Buy_Airtime"/>
  <system-out/>
  <testcase name="Verify_that_customer_can_access_buy_airtime_for_safaricom_postpaid_menu_on_USSD" time="1.745" classname="USSD.H_Buy_Airtime"/>
  <system-out/>
  <testcase name="Verify_that_customer_can_access_buy_airtime_for_Airtel_postpaid_menu_on_USSD" time="1.964" classname="USSD.H_Buy_Airtime"/>
  <system-out/>
  <testcase name="Verify_that_customer_can_access_buy_airtime_for_Airtel_Prepaid_menu_on_USSD" time="2.820" classname="USSD.H_Buy_Airtime"/>
  <system-out/>
  <testcase name="Verify_that_customer_can_access_Safaricom_other_number_menu_on_USSD" time="2.508" classname="USSD.H_Buy_Airtime"/>
  <system-out/>
  <testcase name="Verify_that_customer_can_access_Safaricom_my_number_menu_on_USSD" time="2.733" classname="USSD.H_Buy_Airtime"/>
  <system-out/>
  <testcase name="Verify_that_customer_can_select_debit_account_to_use_when_buying_airtime_on_USSD" time="1.847" classname="USSD.H_Buy_Airtime"/>
  <system-out/>
  <testcase name="Verify_that_customer_can_enter_the_amount_when_buying_airtime_on_USSD" time="1.944" classname="USSD.H_Buy_Airtime"/>
  <system-out/>
  <testcase name="Verify_that_customer_can_confirm_bank_charges_when_buying_airtime_on_USSD" time="2.612" classname="USSD.H_Buy_Airtime"/>
  <system-out/>
  <testcase name="Verify_that_customer_can_enter_amount_and_proceed_to_buy_airtime_on_USSD" time="4.078" classname="USSD.H_Buy_Airtime"/>
  <system-out/>
  <testcase name="End_Buy_Airtime_Test_cases" time="0.006" classname="USSD.H_Buy_Airtime"/>
  <system-out/>
</testsuite> <!-- USSD.H_Buy_Airtime -->
