<?xml version="1.0" encoding="UTF-8"?>
<!-- Generated by org.testng.reporters.JUnitReportReporter -->
<testsuite skipped="0" hostname="TRUUGQA03" name="USSD.E_Fund_Transfer_To_Other_Banks" tests="19" failures="0" timestamp="2021-02-03T10:41:16 EAT" time="30.532" errors="0">
  <testcase name="Starting_transfer_to_mpesa_Test_cases" time="0.116" classname="USSD.E_Fund_Transfer_To_Other_Banks"/>
  <system-out/>
  <testcase name="Verify_that_customer_can_access_send_money_to_other_Banks_menu_on_USSD" time="7.595" classname="USSD.E_Fund_Transfer_To_Other_Banks"/>
  <system-out/>
  <testcase name="Pesalink_testcases" time="0.003" classname="USSD.E_Fund_Transfer_To_Other_Banks"/>
  <system-out/>
  <testcase name="Verify_that_customer_can_access_pesalink_menu_on_USSD" time="5.989" classname="USSD.E_Fund_Transfer_To_Other_Banks"/>
  <system-out/>
  <testcase name="Verify_that_customer_can_select_send_to_account_number_on_USSD" time="2.923" classname="USSD.E_Fund_Transfer_To_Other_Banks"/>
  <system-out/>
  <testcase name="Verify_that_customer_can_choose_send_to_account_number_USSD" time="0.999" classname="USSD.E_Fund_Transfer_To_Other_Banks"/>
  <system-out/>
  <testcase name="Verify_that_customer_can_choose_the_customer_to_send_to_Mobile_numberUSSD" time="1.018" classname="USSD.E_Fund_Transfer_To_Other_Banks"/>
  <system-out/>
  <testcase name="Verify_that_customer_can_choose_the_Register_for_pesalink_USSD" time="1.027" classname="USSD.E_Fund_Transfer_To_Other_Banks"/>
  <system-out/>
  <testcase name="Verify_that_customer_can_choose_the_deRegister_for_pesalink_USSD" time="0.990" classname="USSD.E_Fund_Transfer_To_Other_Banks"/>
  <system-out/>
  <testcase name="Verify_that_customer_can_choose_Bank_name_from_the_list" time="1.181" classname="USSD.E_Fund_Transfer_To_Other_Banks"/>
  <system-out/>
  <testcase name="Verify_that_customer_can_recipient_account_number" time="1.216" classname="USSD.E_Fund_Transfer_To_Other_Banks"/>
  <system-out/>
  <testcase name="Verify_that_customer_can_select_account_to_send_from" time="1.299" classname="USSD.E_Fund_Transfer_To_Other_Banks"/>
  <system-out/>
  <testcase name="Verify_that_customer_can_Enter_amount_to_send" time="1.456" classname="USSD.E_Fund_Transfer_To_Other_Banks"/>
  <system-out/>
  <testcase name="Verify_that_customer_can_Confirm_bank_charges_and_send_using_pesalink" time="3.927" classname="USSD.E_Fund_Transfer_To_Other_Banks"/>
  <system-out/>
  <testcase name="End_pesalink_Test_cases" time="0.002" classname="USSD.E_Fund_Transfer_To_Other_Banks"/>
  <system-out/>
  <testcase name="RTGS_Test_cases" time="0.002" classname="USSD.E_Fund_Transfer_To_Other_Banks"/>
  <system-out/>
  <testcase name="Verify_that_customer_can_access_RTGS_menu_on_USSD" time="0.785" classname="USSD.E_Fund_Transfer_To_Other_Banks"/>
  <system-out/>
  <testcase name="END_RTGS_Test_cases" time="0.001" classname="USSD.E_Fund_Transfer_To_Other_Banks"/>
  <system-out/>
  <testcase name="End_of_transfer_to_mpesa_Test_cases" time="0.003" classname="USSD.E_Fund_Transfer_To_Other_Banks"/>
  <system-out/>
</testsuite> <!-- USSD.E_Fund_Transfer_To_Other_Banks -->
