<?xml version="1.0" encoding="UTF-8"?>
<!-- Generated by org.testng.reporters.JUnitReportReporter -->
<testsuite skipped="0" hostname="TRUUGQA03" name="USSD.B_Account_Management" tests="6" failures="0" timestamp="2021-02-04T09:37:32 EAT" time="16.153" errors="0">
  <testcase name="START_ACCOUNT_MANAGEMENT_TESTCASES" time="0.440" classname="USSD.B_Account_Management"/>
  <system-out/>
  <testcase name="Verify_that_customer_can_view_selected_account_balance_on_USSD" time="10.325" classname="USSD.B_Account_Management"/>
  <system-out/>
  <testcase name="Verify_that_the_customer_can_successfully_generate_and_display_Mini_Statement_on_USSD" time="2.485" classname="USSD.B_Account_Management"/>
  <system-out/>
  <testcase name="Verify_success_message_on_successful_subscription" time="1.225" classname="USSD.B_Account_Management"/>
  <system-out/>
  <testcase name="Verify_that_a_customer_can_successfully_subscribe_for_e_statement_Monthly_for_any_of_his_her_linked_accounts" time="1.673" classname="USSD.B_Account_Management"/>
  <system-out/>
  <testcase name="End_ACCOUNT_MANAGEMENT_TESTCASES" time="0.005" classname="USSD.B_Account_Management"/>
  <system-out/>
</testsuite> <!-- USSD.B_Account_Management -->
